{"C:\\Users\\eduar\\OneDrive\\Documentos\\project_movil_tele763\\proyecto_movil_tele763_EE\\app\\DrawerScreens\\UserContext.tsx": {"path":"C:\\Users\\eduar\\OneDrive\\Documentos\\project_movil_tele763\\proyecto_movil_tele763_EE\\app\\DrawerScreens\\UserContext.tsx","statementMap":{"0":{"start":{"line":14,"column":27},"end":{"line":17,"column":2}},"1":{"start":{"line":23,"column":28},"end":{"line":46,"column":1}},"2":{"start":{"line":24,"column":26},"end":{"line":24,"column":53}},"3":{"start":{"line":26,"column":2},"end":{"line":39,"column":9}},"4":{"start":{"line":27,"column":25},"end":{"line":37,"column":5}},"5":{"start":{"line":28,"column":6},"end":{"line":36,"column":7}},"6":{"start":{"line":29,"column":24},"end":{"line":29,"column":61}},"7":{"start":{"line":30,"column":27},"end":{"line":30,"column":67}},"8":{"start":{"line":31,"column":8},"end":{"line":33,"column":9}},"9":{"start":{"line":32,"column":10},"end":{"line":32,"column":62}},"10":{"start":{"line":35,"column":8},"end":{"line":35,"column":57}},"11":{"start":{"line":38,"column":4},"end":{"line":38,"column":19}},"12":{"start":{"line":41,"column":2},"end":{"line":45,"column":4}}},"fnMap":{"0":{"name":"(anonymous_0)","decl":{"start":{"line":16,"column":11},"end":{"line":16,"column":12}},"loc":{"start":{"line":16,"column":17},"end":{"line":16,"column":19}},"line":16},"1":{"name":"(anonymous_1)","decl":{"start":{"line":23,"column":28},"end":{"line":23,"column":29}},"loc":{"start":{"line":23,"column":65},"end":{"line":46,"column":1}},"line":23},"2":{"name":"(anonymous_2)","decl":{"start":{"line":26,"column":12},"end":{"line":26,"column":13}},"loc":{"start":{"line":26,"column":18},"end":{"line":39,"column":3}},"line":26},"3":{"name":"(anonymous_3)","decl":{"start":{"line":27,"column":25},"end":{"line":27,"column":26}},"loc":{"start":{"line":27,"column":37},"end":{"line":37,"column":5}},"line":27}},"branchMap":{"0":{"loc":{"start":{"line":31,"column":8},"end":{"line":33,"column":9}},"type":"if","locations":[{"start":{"line":31,"column":8},"end":{"line":33,"column":9}},{"start":{},"end":{}}],"line":31},"1":{"loc":{"start":{"line":31,"column":12},"end":{"line":31,"column":33}},"type":"binary-expr","locations":[{"start":{"line":31,"column":12},"end":{"line":31,"column":19}},{"start":{"line":31,"column":23},"end":{"line":31,"column":33}}],"line":31}},"s":{"0":1,"1":1,"2":0,"3":0,"4":0,"5":0,"6":0,"7":0,"8":0,"9":0,"10":0,"11":0,"12":0},"f":{"0":0,"1":0,"2":0,"3":0},"b":{"0":[0,0],"1":[0,0]},"_coverageSchema":"1a1c01bbd47fc00a2c39e90264f33305004495a9","hash":"9892215a782bcb0cd0b0badd8d5e622b23489d3f"}
,"C:\\Users\\eduar\\OneDrive\\Documentos\\project_movil_tele763\\proyecto_movil_tele763_EE\\app\\Inicio\\Login.tsx": {"path":"C:\\Users\\eduar\\OneDrive\\Documentos\\project_movil_tele763\\proyecto_movil_tele763_EE\\app\\Inicio\\Login.tsx","statementMap":{"0":{"start":{"line":13,"column":22},"end":{"line":13,"column":45}},"1":{"start":{"line":14,"column":17},"end":{"line":14,"column":28}},"2":{"start":{"line":16,"column":32},"end":{"line":16,"column":44}},"3":{"start":{"line":17,"column":28},"end":{"line":17,"column":40}},"4":{"start":{"line":18,"column":34},"end":{"line":18,"column":46}},"5":{"start":{"line":19,"column":54},"end":{"line":19,"column":69}},"6":{"start":{"line":21,"column":35},"end":{"line":22,"column":46}},"7":{"start":{"line":22,"column":4},"end":{"line":22,"column":46}},"8":{"start":{"line":24,"column":24},"end":{"line":53,"column":3}},"9":{"start":{"line":25,"column":4},"end":{"line":52,"column":5}},"10":{"start":{"line":26,"column":23},"end":{"line":33,"column":7}},"11":{"start":{"line":35,"column":6},"end":{"line":49,"column":7}},"12":{"start":{"line":36,"column":21},"end":{"line":36,"column":42}},"13":{"start":{"line":37,"column":8},"end":{"line":46,"column":9}},"14":{"start":{"line":38,"column":10},"end":{"line":38,"column":76}},"15":{"start":{"line":39,"column":10},"end":{"line":39,"column":63}},"16":{"start":{"line":42,"column":10},"end":{"line":42,"column":70}},"17":{"start":{"line":43,"column":10},"end":{"line":43,"column":49}},"18":{"start":{"line":45,"column":10},"end":{"line":45,"column":67}},"19":{"start":{"line":48,"column":8},"end":{"line":48,"column":66}},"20":{"start":{"line":51,"column":6},"end":{"line":51,"column":49}},"21":{"start":{"line":55,"column":21},"end":{"line":128,"column":3}},"22":{"start":{"line":56,"column":25},"end":{"line":56,"column":41}},"23":{"start":{"line":57,"column":23},"end":{"line":57,"column":73}},"24":{"start":{"line":59,"column":6},"end":{"line":59,"column":69}},"25":{"start":{"line":61,"column":4},"end":{"line":71,"column":5}},"26":{"start":{"line":62,"column":6},"end":{"line":69,"column":9}},"27":{"start":{"line":70,"column":6},"end":{"line":70,"column":13}},"28":{"start":{"line":72,"column":4},"end":{"line":82,"column":5}},"29":{"start":{"line":73,"column":6},"end":{"line":80,"column":9}},"30":{"start":{"line":81,"column":6},"end":{"line":81,"column":13}},"31":{"start":{"line":83,"column":4},"end":{"line":93,"column":5}},"32":{"start":{"line":84,"column":6},"end":{"line":91,"column":9}},"33":{"start":{"line":92,"column":6},"end":{"line":92,"column":13}},"34":{"start":{"line":94,"column":4},"end":{"line":104,"column":5}},"35":{"start":{"line":95,"column":6},"end":{"line":102,"column":9}},"36":{"start":{"line":103,"column":6},"end":{"line":103,"column":13}},"37":{"start":{"line":105,"column":4},"end":{"line":115,"column":5}},"38":{"start":{"line":106,"column":6},"end":{"line":113,"column":9}},"39":{"start":{"line":114,"column":6},"end":{"line":114,"column":13}},"40":{"start":{"line":116,"column":4},"end":{"line":126,"column":5}},"41":{"start":{"line":117,"column":6},"end":{"line":124,"column":9}},"42":{"start":{"line":125,"column":6},"end":{"line":125,"column":13}},"43":{"start":{"line":127,"column":4},"end":{"line":127,"column":26}},"44":{"start":{"line":130,"column":2},"end":{"line":194,"column":4}},"45":{"start":{"line":175,"column":22},"end":{"line":179,"column":24}},"46":{"start":{"line":197,"column":15},"end":{"line":221,"column":2}}},"fnMap":{"0":{"name":"Login","decl":{"start":{"line":12,"column":24},"end":{"line":12,"column":29}},"loc":{"start":{"line":12,"column":32},"end":{"line":195,"column":1}},"line":12},"1":{"name":"(anonymous_1)","decl":{"start":{"line":21,"column":35},"end":{"line":21,"column":36}},"loc":{"start":{"line":22,"column":4},"end":{"line":22,"column":46}},"line":22},"2":{"name":"(anonymous_2)","decl":{"start":{"line":24,"column":24},"end":{"line":24,"column":25}},"loc":{"start":{"line":24,"column":36},"end":{"line":53,"column":3}},"line":24},"3":{"name":"(anonymous_3)","decl":{"start":{"line":55,"column":21},"end":{"line":55,"column":22}},"loc":{"start":{"line":55,"column":33},"end":{"line":128,"column":3}},"line":55},"4":{"name":"(anonymous_4)","decl":{"start":{"line":174,"column":26},"end":{"line":174,"column":27}},"loc":{"start":{"line":175,"column":22},"end":{"line":179,"column":24}},"line":175}},"branchMap":{"0":{"loc":{"start":{"line":35,"column":6},"end":{"line":49,"column":7}},"type":"if","locations":[{"start":{"line":35,"column":6},"end":{"line":49,"column":7}},{"start":{"line":47,"column":13},"end":{"line":49,"column":7}}],"line":35},"1":{"loc":{"start":{"line":37,"column":8},"end":{"line":46,"column":9}},"type":"if","locations":[{"start":{"line":37,"column":8},"end":{"line":46,"column":9}},{"start":{"line":44,"column":15},"end":{"line":46,"column":9}}],"line":37},"2":{"loc":{"start":{"line":61,"column":4},"end":{"line":71,"column":5}},"type":"if","locations":[{"start":{"line":61,"column":4},"end":{"line":71,"column":5}},{"start":{},"end":{}}],"line":61},"3":{"loc":{"start":{"line":72,"column":4},"end":{"line":82,"column":5}},"type":"if","locations":[{"start":{"line":72,"column":4},"end":{"line":82,"column":5}},{"start":{},"end":{}}],"line":72},"4":{"loc":{"start":{"line":83,"column":4},"end":{"line":93,"column":5}},"type":"if","locations":[{"start":{"line":83,"column":4},"end":{"line":93,"column":5}},{"start":{},"end":{}}],"line":83},"5":{"loc":{"start":{"line":94,"column":4},"end":{"line":104,"column":5}},"type":"if","locations":[{"start":{"line":94,"column":4},"end":{"line":104,"column":5}},{"start":{},"end":{}}],"line":94},"6":{"loc":{"start":{"line":105,"column":4},"end":{"line":115,"column":5}},"type":"if","locations":[{"start":{"line":105,"column":4},"end":{"line":115,"column":5}},{"start":{},"end":{}}],"line":105},"7":{"loc":{"start":{"line":116,"column":4},"end":{"line":126,"column":5}},"type":"if","locations":[{"start":{"line":116,"column":4},"end":{"line":126,"column":5}},{"start":{},"end":{}}],"line":116},"8":{"loc":{"start":{"line":176,"column":30},"end":{"line":176,"column":69}},"type":"cond-expr","locations":[{"start":{"line":176,"column":51},"end":{"line":176,"column":61}},{"start":{"line":176,"column":64},"end":{"line":176,"column":69}}],"line":176}},"s":{"0":2,"1":2,"2":2,"3":2,"4":2,"5":2,"6":2,"7":0,"8":2,"9":0,"10":0,"11":0,"12":0,"13":0,"14":0,"15":0,"16":0,"17":0,"18":0,"19":0,"20":0,"21":2,"22":1,"23":1,"24":1,"25":1,"26":1,"27":1,"28":0,"29":0,"30":0,"31":0,"32":0,"33":0,"34":0,"35":0,"36":0,"37":0,"38":0,"39":0,"40":0,"41":0,"42":0,"43":0,"44":2,"45":0,"46":1},"f":{"0":2,"1":0,"2":0,"3":1,"4":0},"b":{"0":[0,0],"1":[0,0],"2":[1,0],"3":[0,0],"4":[0,0],"5":[0,0],"6":[0,0],"7":[0,0],"8":[0,0]},"_coverageSchema":"1a1c01bbd47fc00a2c39e90264f33305004495a9","hash":"667382ad9554a15f49bd65c1ce40f8369df4fa6b"}
}
