{
  "C:\\Users\\eduar\\OneDrive\\Documentos\\project_movil_tele763\\proyecto_movil_tele763_EE\\app\\DrawerScreens\\UserContext.tsx": {
    "path": "C:\\Users\\eduar\\OneDrive\\Documentos\\project_movil_tele763\\proyecto_movil_tele763_EE\\app\\DrawerScreens\\UserContext.tsx",
    "statementMap": {
      "0": {
        "start": { "line": 14, "column": 27 },
        "end": { "line": 17, "column": 2 }
      },
      "1": {
        "start": { "line": 23, "column": 28 },
        "end": { "line": 46, "column": 1 }
      },
      "2": {
        "start": { "line": 24, "column": 28 },
        "end": { "line": 24, "column": 55 }
      },
      "3": {
        "start": { "line": 26, "column": 4 },
        "end": { "line": 39, "column": 11 }
      },
      "4": {
        "start": { "line": 27, "column": 29 },
        "end": { "line": 37, "column": 9 }
      },
      "5": {
        "start": { "line": 28, "column": 12 },
        "end": { "line": 36, "column": 13 }
      },
      "6": {
        "start": { "line": 29, "column": 32 },
        "end": { "line": 29, "column": 69 }
      },
      "7": {
        "start": { "line": 30, "column": 35 },
        "end": { "line": 30, "column": 75 }
      },
      "8": {
        "start": { "line": 31, "column": 16 },
        "end": { "line": 33, "column": 17 }
      },
      "9": {
        "start": { "line": 32, "column": 20 },
        "end": { "line": 32, "column": 72 }
      },
      "10": {
        "start": { "line": 35, "column": 16 },
        "end": { "line": 35, "column": 65 }
      },
      "11": {
        "start": { "line": 38, "column": 8 },
        "end": { "line": 38, "column": 23 }
      },
      "12": {
        "start": { "line": 41, "column": 4 },
        "end": { "line": 45, "column": 6 }
      }
    },
    "fnMap": {
      "0": {
        "name": "(anonymous_0)",
        "decl": {
          "start": { "line": 16, "column": 13 },
          "end": { "line": 16, "column": 14 }
        },
        "loc": {
          "start": { "line": 16, "column": 19 },
          "end": { "line": 16, "column": 21 }
        },
        "line": 16
      },
      "1": {
        "name": "(anonymous_1)",
        "decl": {
          "start": { "line": 23, "column": 28 },
          "end": { "line": 23, "column": 29 }
        },
        "loc": {
          "start": { "line": 23, "column": 65 },
          "end": { "line": 46, "column": 1 }
        },
        "line": 23
      },
      "2": {
        "name": "(anonymous_2)",
        "decl": {
          "start": { "line": 26, "column": 14 },
          "end": { "line": 26, "column": 15 }
        },
        "loc": {
          "start": { "line": 26, "column": 20 },
          "end": { "line": 39, "column": 5 }
        },
        "line": 26
      },
      "3": {
        "name": "(anonymous_3)",
        "decl": {
          "start": { "line": 27, "column": 29 },
          "end": { "line": 27, "column": 30 }
        },
        "loc": {
          "start": { "line": 27, "column": 41 },
          "end": { "line": 37, "column": 9 }
        },
        "line": 27
      }
    },
    "branchMap": {
      "0": {
        "loc": {
          "start": { "line": 31, "column": 16 },
          "end": { "line": 33, "column": 17 }
        },
        "type": "if",
        "locations": [
          {
            "start": { "line": 31, "column": 16 },
            "end": { "line": 33, "column": 17 }
          },
          { "start": {}, "end": {} }
        ],
        "line": 31
      },
      "1": {
        "loc": {
          "start": { "line": 31, "column": 20 },
          "end": { "line": 31, "column": 41 }
        },
        "type": "binary-expr",
        "locations": [
          {
            "start": { "line": 31, "column": 20 },
            "end": { "line": 31, "column": 27 }
          },
          {
            "start": { "line": 31, "column": 31 },
            "end": { "line": 31, "column": 41 }
          }
        ],
        "line": 31
      }
    },
    "s": {
      "0": 1,
      "1": 1,
      "2": 0,
      "3": 0,
      "4": 0,
      "5": 0,
      "6": 0,
      "7": 0,
      "8": 0,
      "9": 0,
      "10": 0,
      "11": 0,
      "12": 0
    },
    "f": { "0": 0, "1": 0, "2": 0, "3": 0 },
    "b": { "0": [0, 0], "1": [0, 0] },
    "_coverageSchema": "1a1c01bbd47fc00a2c39e90264f33305004495a9",
    "hash": "cb861f3a797775d6e9518ca5ad0337c8ac92a038"
  },
  "C:\\Users\\eduar\\OneDrive\\Documentos\\project_movil_tele763\\proyecto_movil_tele763_EE\\app\\Inicio\\Login.tsx": {
    "path": "C:\\Users\\eduar\\OneDrive\\Documentos\\project_movil_tele763\\proyecto_movil_tele763_EE\\app\\Inicio\\Login.tsx",
    "statementMap": {
      "0": {
        "start": { "line": 13, "column": 24 },
        "end": { "line": 13, "column": 47 }
      },
      "1": {
        "start": { "line": 14, "column": 19 },
        "end": { "line": 14, "column": 30 }
      },
      "2": {
        "start": { "line": 16, "column": 34 },
        "end": { "line": 16, "column": 46 }
      },
      "3": {
        "start": { "line": 17, "column": 30 },
        "end": { "line": 17, "column": 42 }
      },
      "4": {
        "start": { "line": 18, "column": 36 },
        "end": { "line": 18, "column": 48 }
      },
      "5": {
        "start": { "line": 19, "column": 56 },
        "end": { "line": 19, "column": 71 }
      },
      "6": {
        "start": { "line": 21, "column": 37 },
        "end": { "line": 21, "column": 85 }
      },
      "7": {
        "start": { "line": 21, "column": 43 },
        "end": { "line": 21, "column": 85 }
      },
      "8": {
        "start": { "line": 23, "column": 26 },
        "end": { "line": 49, "column": 5 }
      },
      "9": {
        "start": { "line": 24, "column": 8 },
        "end": { "line": 48, "column": 9 }
      },
      "10": {
        "start": { "line": 25, "column": 29 },
        "end": { "line": 29, "column": 14 }
      },
      "11": {
        "start": { "line": 31, "column": 12 },
        "end": { "line": 45, "column": 13 }
      },
      "12": {
        "start": { "line": 32, "column": 29 },
        "end": { "line": 32, "column": 50 }
      },
      "13": {
        "start": { "line": 33, "column": 16 },
        "end": { "line": 42, "column": 17 }
      },
      "14": {
        "start": { "line": 34, "column": 20 },
        "end": { "line": 34, "column": 86 }
      },
      "15": {
        "start": { "line": 35, "column": 20 },
        "end": { "line": 35, "column": 73 }
      },
      "16": {
        "start": { "line": 38, "column": 20 },
        "end": { "line": 38, "column": 80 }
      },
      "17": {
        "start": { "line": 39, "column": 20 },
        "end": { "line": 39, "column": 59 }
      },
      "18": {
        "start": { "line": 41, "column": 20 },
        "end": { "line": 41, "column": 77 }
      },
      "19": {
        "start": { "line": 44, "column": 16 },
        "end": { "line": 44, "column": 74 }
      },
      "20": {
        "start": { "line": 47, "column": 12 },
        "end": { "line": 47, "column": 55 }
      },
      "21": {
        "start": { "line": 51, "column": 23 },
        "end": { "line": 123, "column": 5 }
      },
      "22": {
        "start": { "line": 52, "column": 29 },
        "end": { "line": 52, "column": 45 }
      },
      "23": {
        "start": { "line": 53, "column": 27 },
        "end": { "line": 53, "column": 77 }
      },
      "24": {
        "start": { "line": 54, "column": 30 },
        "end": { "line": 54, "column": 93 }
      },
      "25": {
        "start": { "line": 56, "column": 8 },
        "end": { "line": 66, "column": 9 }
      },
      "26": {
        "start": { "line": 57, "column": 12 },
        "end": { "line": 64, "column": 15 }
      },
      "27": {
        "start": { "line": 65, "column": 12 },
        "end": { "line": 65, "column": 19 }
      },
      "28": {
        "start": { "line": 67, "column": 8 },
        "end": { "line": 77, "column": 9 }
      },
      "29": {
        "start": { "line": 68, "column": 12 },
        "end": { "line": 75, "column": 15 }
      },
      "30": {
        "start": { "line": 76, "column": 12 },
        "end": { "line": 76, "column": 19 }
      },
      "31": {
        "start": { "line": 78, "column": 8 },
        "end": { "line": 88, "column": 9 }
      },
      "32": {
        "start": { "line": 79, "column": 12 },
        "end": { "line": 86, "column": 15 }
      },
      "33": {
        "start": { "line": 87, "column": 12 },
        "end": { "line": 87, "column": 19 }
      },
      "34": {
        "start": { "line": 89, "column": 8 },
        "end": { "line": 99, "column": 9 }
      },
      "35": {
        "start": { "line": 90, "column": 12 },
        "end": { "line": 97, "column": 15 }
      },
      "36": {
        "start": { "line": 98, "column": 12 },
        "end": { "line": 98, "column": 19 }
      },
      "37": {
        "start": { "line": 100, "column": 8 },
        "end": { "line": 110, "column": 9 }
      },
      "38": {
        "start": { "line": 101, "column": 12 },
        "end": { "line": 108, "column": 15 }
      },
      "39": {
        "start": { "line": 109, "column": 12 },
        "end": { "line": 109, "column": 19 }
      },
      "40": {
        "start": { "line": 111, "column": 8 },
        "end": { "line": 121, "column": 9 }
      },
      "41": {
        "start": { "line": 112, "column": 12 },
        "end": { "line": 119, "column": 15 }
      },
      "42": {
        "start": { "line": 120, "column": 12 },
        "end": { "line": 120, "column": 19 }
      },
      "43": {
        "start": { "line": 122, "column": 8 },
        "end": { "line": 122, "column": 30 }
      },
      "44": {
        "start": { "line": 125, "column": 4 },
        "end": { "line": 187, "column": 6 }
      },
      "45": {
        "start": { "line": 166, "column": 44 },
        "end": { "line": 170, "column": 46 }
      },
      "46": {
        "start": { "line": 190, "column": 15 },
        "end": { "line": 197, "column": 2 }
      }
    },
    "fnMap": {
      "0": {
        "name": "Login",
        "decl": {
          "start": { "line": 12, "column": 24 },
          "end": { "line": 12, "column": 29 }
        },
        "loc": {
          "start": { "line": 12, "column": 32 },
          "end": { "line": 188, "column": 1 }
        },
        "line": 12
      },
      "1": {
        "name": "(anonymous_1)",
        "decl": {
          "start": { "line": 21, "column": 37 },
          "end": { "line": 21, "column": 38 }
        },
        "loc": {
          "start": { "line": 21, "column": 43 },
          "end": { "line": 21, "column": 85 }
        },
        "line": 21
      },
      "2": {
        "name": "(anonymous_2)",
        "decl": {
          "start": { "line": 23, "column": 26 },
          "end": { "line": 23, "column": 27 }
        },
        "loc": {
          "start": { "line": 23, "column": 38 },
          "end": { "line": 49, "column": 5 }
        },
        "line": 23
      },
      "3": {
        "name": "(anonymous_3)",
        "decl": {
          "start": { "line": 51, "column": 23 },
          "end": { "line": 51, "column": 24 }
        },
        "loc": {
          "start": { "line": 51, "column": 35 },
          "end": { "line": 123, "column": 5 }
        },
        "line": 51
      },
      "4": {
        "name": "(anonymous_4)",
        "decl": {
          "start": { "line": 165, "column": 46 },
          "end": { "line": 165, "column": 47 }
        },
        "loc": {
          "start": { "line": 166, "column": 44 },
          "end": { "line": 170, "column": 46 }
        },
        "line": 166
      }
    },
    "branchMap": {
      "0": {
        "loc": {
          "start": { "line": 31, "column": 12 },
          "end": { "line": 45, "column": 13 }
        },
        "type": "if",
        "locations": [
          {
            "start": { "line": 31, "column": 12 },
            "end": { "line": 45, "column": 13 }
          },
          {
            "start": { "line": 43, "column": 19 },
            "end": { "line": 45, "column": 13 }
          }
        ],
        "line": 31
      },
      "1": {
        "loc": {
          "start": { "line": 33, "column": 16 },
          "end": { "line": 42, "column": 17 }
        },
        "type": "if",
        "locations": [
          {
            "start": { "line": 33, "column": 16 },
            "end": { "line": 42, "column": 17 }
          },
          {
            "start": { "line": 40, "column": 23 },
            "end": { "line": 42, "column": 17 }
          }
        ],
        "line": 33
      },
      "2": {
        "loc": {
          "start": { "line": 56, "column": 8 },
          "end": { "line": 66, "column": 9 }
        },
        "type": "if",
        "locations": [
          {
            "start": { "line": 56, "column": 8 },
            "end": { "line": 66, "column": 9 }
          },
          { "start": {}, "end": {} }
        ],
        "line": 56
      },
      "3": {
        "loc": {
          "start": { "line": 67, "column": 8 },
          "end": { "line": 77, "column": 9 }
        },
        "type": "if",
        "locations": [
          {
            "start": { "line": 67, "column": 8 },
            "end": { "line": 77, "column": 9 }
          },
          { "start": {}, "end": {} }
        ],
        "line": 67
      },
      "4": {
        "loc": {
          "start": { "line": 78, "column": 8 },
          "end": { "line": 88, "column": 9 }
        },
        "type": "if",
        "locations": [
          {
            "start": { "line": 78, "column": 8 },
            "end": { "line": 88, "column": 9 }
          },
          { "start": {}, "end": {} }
        ],
        "line": 78
      },
      "5": {
        "loc": {
          "start": { "line": 89, "column": 8 },
          "end": { "line": 99, "column": 9 }
        },
        "type": "if",
        "locations": [
          {
            "start": { "line": 89, "column": 8 },
            "end": { "line": 99, "column": 9 }
          },
          { "start": {}, "end": {} }
        ],
        "line": 89
      },
      "6": {
        "loc": {
          "start": { "line": 100, "column": 8 },
          "end": { "line": 110, "column": 9 }
        },
        "type": "if",
        "locations": [
          {
            "start": { "line": 100, "column": 8 },
            "end": { "line": 110, "column": 9 }
          },
          { "start": {}, "end": {} }
        ],
        "line": 100
      },
      "7": {
        "loc": {
          "start": { "line": 111, "column": 8 },
          "end": { "line": 121, "column": 9 }
        },
        "type": "if",
        "locations": [
          {
            "start": { "line": 111, "column": 8 },
            "end": { "line": 121, "column": 9 }
          },
          { "start": {}, "end": {} }
        ],
        "line": 111
      },
      "8": {
        "loc": {
          "start": { "line": 167, "column": 54 },
          "end": { "line": 167, "column": 93 }
        },
        "type": "cond-expr",
        "locations": [
          {
            "start": { "line": 167, "column": 75 },
            "end": { "line": 167, "column": 85 }
          },
          {
            "start": { "line": 167, "column": 88 },
            "end": { "line": 167, "column": 93 }
          }
        ],
        "line": 167
      }
    },
    "s": {
      "0": 2,
      "1": 2,
      "2": 2,
      "3": 2,
      "4": 2,
      "5": 2,
      "6": 2,
      "7": 0,
      "8": 2,
      "9": 0,
      "10": 0,
      "11": 0,
      "12": 0,
      "13": 0,
      "14": 0,
      "15": 0,
      "16": 0,
      "17": 0,
      "18": 0,
      "19": 0,
      "20": 0,
      "21": 2,
      "22": 1,
      "23": 1,
      "24": 1,
      "25": 1,
      "26": 1,
      "27": 1,
      "28": 0,
      "29": 0,
      "30": 0,
      "31": 0,
      "32": 0,
      "33": 0,
      "34": 0,
      "35": 0,
      "36": 0,
      "37": 0,
      "38": 0,
      "39": 0,
      "40": 0,
      "41": 0,
      "42": 0,
      "43": 0,
      "44": 2,
      "45": 0,
      "46": 1
    },
    "f": { "0": 2, "1": 0, "2": 0, "3": 1, "4": 0 },
    "b": {
      "0": [0, 0],
      "1": [0, 0],
      "2": [1, 0],
      "3": [0, 0],
      "4": [0, 0],
      "5": [0, 0],
      "6": [0, 0],
      "7": [0, 0],
      "8": [0, 0]
    },
    "_coverageSchema": "1a1c01bbd47fc00a2c39e90264f33305004495a9",
    "hash": "c755c2f641ff1d35d24b5fd6f1b71cb9a56da98d"
  }
}
