TN:
SF:app\DrawerScreens\UserContext.tsx
FN:16,(anonymous_0)
FN:23,(anonymous_1)
FN:26,(anonymous_2)
FN:27,(anonymous_3)
FNF:4
FNH:0
FNDA:0,(anonymous_0)
FNDA:0,(anonymous_1)
FNDA:0,(anonymous_2)
FNDA:0,(anonymous_3)
DA:14,1
DA:23,1
DA:24,0
DA:26,0
DA:27,0
DA:28,0
DA:29,0
DA:30,0
DA:31,0
DA:32,0
DA:35,0
DA:38,0
DA:41,0
LF:13
LH:2
BRDA:31,0,0,0
BRDA:31,0,1,0
BRDA:31,1,0,0
BRDA:31,1,1,0
BRF:4
BRH:0
end_of_record
TN:
SF:app\Inicio\Login.tsx
FN:12,Login
FN:21,(anonymous_1)
FN:23,(anonymous_2)
FN:51,(anonymous_3)
FN:165,(anonymous_4)
FNF:5
FNH:2
FNDA:2,Login
FNDA:0,(anonymous_1)
FNDA:0,(anonymous_2)
FNDA:1,(anonymous_3)
FNDA:0,(anonymous_4)
DA:13,2
DA:14,2
DA:16,2
DA:17,2
DA:18,2
DA:19,2
DA:21,2
DA:23,2
DA:24,0
DA:25,0
DA:31,0
DA:32,0
DA:33,0
DA:34,0
DA:35,0
DA:38,0
DA:39,0
DA:41,0
DA:44,0
DA:47,0
DA:51,2
DA:52,1
DA:53,1
DA:54,1
DA:56,1
DA:57,1
DA:65,1
DA:67,0
DA:68,0
DA:76,0
DA:78,0
DA:79,0
DA:87,0
DA:89,0
DA:90,0
DA:98,0
DA:100,0
DA:101,0
DA:109,0
DA:111,0
DA:112,0
DA:120,0
DA:122,0
DA:125,2
DA:166,0
DA:190,1
LF:46
LH:17
BRDA:31,0,0,0
BRDA:31,0,1,0
BRDA:33,1,0,0
BRDA:33,1,1,0
BRDA:56,2,0,1
BRDA:56,2,1,0
BRDA:67,3,0,0
BRDA:67,3,1,0
BRDA:78,4,0,0
BRDA:78,4,1,0
BRDA:89,5,0,0
BRDA:89,5,1,0
BRDA:100,6,0,0
BRDA:100,6,1,0
BRDA:111,7,0,0
BRDA:111,7,1,0
BRDA:167,8,0,0
BRDA:167,8,1,0
BRF:18
BRH:1
end_of_record
